  chess_game.cpp
  print.cpp
C:\Users\leeja\Desktop\ChineseChess\ChineseChess\print.cpp(1316,10): warning C4129: ' ': unrecognized character escape sequence
C:\Users\leeja\Desktop\ChineseChess\ChineseChess\print.cpp(1317,10): warning C4129: '_': unrecognized character escape sequence
C:\Users\leeja\Desktop\ChineseChess\ChineseChess\print.cpp(1317,10): warning C4129: ' ': unrecognized character escape sequence
C:\Users\leeja\Desktop\ChineseChess\ChineseChess\print.cpp(1318,10): warning C4129: ' ': unrecognized character escape sequence
C:\Users\leeja\Desktop\ChineseChess\ChineseChess\print.cpp(1319,10): warning C4129: ' ': unrecognized character escape sequence
C:\Users\leeja\Desktop\ChineseChess\ChineseChess\print.cpp(1320,10): warning C4129: ':': unrecognized character escape sequence
C:\Users\leeja\Desktop\ChineseChess\ChineseChess\print.cpp(1320,10): warning C4129: ' ': unrecognized character escape sequence
C:\Users\leeja\Desktop\ChineseChess\ChineseChess\print.cpp(1322,10): warning C4129: ':': unrecognized character escape sequence
C:\Users\leeja\Desktop\ChineseChess\ChineseChess\print.cpp(1322,10): warning C4129: ' ': unrecognized character escape sequence
C:\Users\leeja\Desktop\ChineseChess\ChineseChess\print.cpp(1323,10): warning C4129: ':': unrecognized character escape sequence
C:\Users\leeja\Desktop\ChineseChess\ChineseChess\print.cpp(1323,10): warning C4129: ' ': unrecognized character escape sequence
C:\Users\leeja\Desktop\ChineseChess\ChineseChess\print.cpp(1324,10): warning C4129: ':': unrecognized character escape sequence
C:\Users\leeja\Desktop\ChineseChess\ChineseChess\print.cpp(1324,10): warning C4129: ' ': unrecognized character escape sequence
C:\Users\leeja\Desktop\ChineseChess\ChineseChess\print.cpp(1326,10): warning C4129: ' ': unrecognized character escape sequence
C:\Users\leeja\Desktop\ChineseChess\ChineseChess\print.cpp(1326,10): warning C4129: ':': unrecognized character escape sequence
C:\Users\leeja\Desktop\ChineseChess\ChineseChess\print.cpp(1327,10): warning C4129: '_': unrecognized character escape sequence
C:\Users\leeja\Desktop\ChineseChess\ChineseChess\print.cpp(1327,10): warning C4129: ' ': unrecognized character escape sequence
C:\Users\leeja\Desktop\ChineseChess\ChineseChess\print.cpp(1327,10): warning C4129: '/': unrecognized character escape sequence
C:\Users\leeja\Desktop\ChineseChess\ChineseChess\print.cpp(1327,10): warning C4129: ':': unrecognized character escape sequence
C:\Users\leeja\Desktop\ChineseChess\ChineseChess\print.cpp(1327,10): warning C4129: '|': unrecognized character escape sequence
C:\Users\leeja\Desktop\ChineseChess\ChineseChess\print.cpp(1329,10): warning C4129: ':': unrecognized character escape sequence
C:\Users\leeja\Desktop\ChineseChess\ChineseChess\print.cpp(1329,10): warning C4129: ' ': unrecognized character escape sequence
C:\Users\leeja\Desktop\ChineseChess\ChineseChess\print.cpp(1330,10): warning C4129: '/': unrecognized character escape sequence
C:\Users\leeja\Desktop\ChineseChess\ChineseChess\print.cpp(1330,10): warning C4129: ':': unrecognized character escape sequence
C:\Users\leeja\Desktop\ChineseChess\ChineseChess\print.cpp(1330,10): warning C4129: ' ': unrecognized character escape sequence
C:\Users\leeja\Desktop\ChineseChess\ChineseChess\print.cpp(1331,10): warning C4129: ':': unrecognized character escape sequence
C:\Users\leeja\Desktop\ChineseChess\ChineseChess\print.cpp(1331,10): warning C4129: ' ': unrecognized character escape sequence
C:\Users\leeja\Desktop\ChineseChess\ChineseChess\print.cpp(1332,10): warning C4129: ':': unrecognized character escape sequence
C:\Users\leeja\Desktop\ChineseChess\ChineseChess\print.cpp(1332,10): warning C4129: ' ': unrecognized character escape sequence
C:\Users\leeja\Desktop\ChineseChess\ChineseChess\print.cpp(1332,10): warning C4129: '_': unrecognized character escape sequence
C:\Users\leeja\Desktop\ChineseChess\ChineseChess\print.cpp(1333,10): warning C4129: '/': unrecognized character escape sequence
C:\Users\leeja\Desktop\ChineseChess\ChineseChess\print.cpp(1333,10): warning C4129: ':': unrecognized character escape sequence
C:\Users\leeja\Desktop\ChineseChess\ChineseChess\print.cpp(1333,10): warning C4129: ' ': unrecognized character escape sequence
C:\Users\leeja\Desktop\ChineseChess\ChineseChess\print.cpp(1334,10): warning C4129: ':': unrecognized character escape sequence
C:\Users\leeja\Desktop\ChineseChess\ChineseChess\print.cpp(1334,10): warning C4129: ' ': unrecognized character escape sequence
C:\Users\leeja\Desktop\ChineseChess\ChineseChess\print.cpp(1336,10): warning C4129: ':': unrecognized character escape sequence
C:\Users\leeja\Desktop\ChineseChess\ChineseChess\print.cpp(1336,10): warning C4129: '_': unrecognized character escape sequence
C:\Users\leeja\Desktop\ChineseChess\ChineseChess\print.cpp(1336,10): warning C4129: ' ': unrecognized character escape sequence
C:\Users\leeja\Desktop\ChineseChess\ChineseChess\print.cpp(1337,10): warning C4129: ':': unrecognized character escape sequence
C:\Users\leeja\Desktop\ChineseChess\ChineseChess\print.cpp(1338,10): warning C4129: '/': unrecognized character escape sequence
C:\Users\leeja\Desktop\ChineseChess\ChineseChess\print.cpp(1346,10): warning C4129: ' ': unrecognized character escape sequence
C:\Users\leeja\Desktop\ChineseChess\ChineseChess\print.cpp(1347,10): warning C4129: '_': unrecognized character escape sequence
C:\Users\leeja\Desktop\ChineseChess\ChineseChess\print.cpp(1356,10): warning C4129: ':': unrecognized character escape sequence
C:\Users\leeja\Desktop\ChineseChess\ChineseChess\print.cpp(1357,10): warning C4129: '/': unrecognized character escape sequence
C:\Users\leeja\Desktop\ChineseChess\ChineseChess\print.cpp(1573,34): warning C4267: '=': conversion from 'size_t' to 'int', possible loss of data
  Generating Code...
  ChineseChess.vcxproj -> C:\Users\leeja\Desktop\ChineseChess\x64\Debug\ChineseChess.exe
